0 info it worked if it ends with ok
1 verbose cli [ 'C:\\Program Files\\nodejs\\node.exe',
1 verbose cli   'C:\\Users\\Ecriyliz\\AppData\\Roaming\\npm\\node_modules\\npm\\bin\\npm-cli.js',
1 verbose cli   'install',
1 verbose cli   '-g',
1 verbose cli   'nodist' ]
2 info using npm@3.7.5
3 info using node@v4.2.6
4 silly loadCurrentTree Starting
5 silly install loadCurrentTree
6 silly install readGlobalPackageData
7 silly fetchPackageMetaData nodist
8 silly fetchNamedPackageData nodist
9 silly mapToRegistry name nodist
10 silly mapToRegistry using default registry
11 silly mapToRegistry registry https://registry.npmjs.org/
12 silly mapToRegistry uri https://registry.npmjs.org/nodist
13 verbose request uri https://registry.npmjs.org/nodist
14 verbose request no auth needed
15 info attempt registry request try #1 at 12:38:19 PM
16 verbose request id 34e4da4822c460d8
17 http request GET https://registry.npmjs.org/nodist
18 http 404 https://registry.npmjs.org/nodist
19 verbose headers { server: 'CouchDB/1.5.0 (Erlang OTP/R16B03)',
19 verbose headers   etag: '"EA71JYA75WQS2K0F9UYX7OG64"',
19 verbose headers   'content-type': 'application/json',
19 verbose headers   'cache-control': 'max-age=0',
19 verbose headers   'content-length': '605',
19 verbose headers   'accept-ranges': 'bytes',
19 verbose headers   date: 'Wed, 02 Mar 2016 19:38:20 GMT',
19 verbose headers   via: '1.1 varnish',
19 verbose headers   age: '0',
19 verbose headers   connection: 'keep-alive',
19 verbose headers   'x-served-by': 'cache-sjc3133-SJC',
19 verbose headers   'x-cache': 'MISS',
19 verbose headers   'x-cache-hits': '0',
19 verbose headers   'x-timer': 'S1456947499.932807,VS0,VE88',
19 verbose headers   vary: 'Accept' }
20 silly get cb [ 404,
20 silly get   { server: 'CouchDB/1.5.0 (Erlang OTP/R16B03)',
20 silly get     etag: '"EA71JYA75WQS2K0F9UYX7OG64"',
20 silly get     'content-type': 'application/json',
20 silly get     'cache-control': 'max-age=0',
20 silly get     'content-length': '605',
20 silly get     'accept-ranges': 'bytes',
20 silly get     date: 'Wed, 02 Mar 2016 19:38:20 GMT',
20 silly get     via: '1.1 varnish',
20 silly get     age: '0',
20 silly get     connection: 'keep-alive',
20 silly get     'x-served-by': 'cache-sjc3133-SJC',
20 silly get     'x-cache': 'MISS',
20 silly get     'x-cache-hits': '0',
20 silly get     'x-timer': 'S1456947499.932807,VS0,VE88',
20 silly get     vary: 'Accept' } ]
21 silly fetchPackageMetaData Error: Registry returned 404 for GET on https://registry.npmjs.org/nodist
21 silly fetchPackageMetaData     at makeError (C:\Users\Ecriyliz\AppData\Roaming\npm\node_modules\npm\node_modules\npm-registry-client\lib\request.js:264:12)
21 silly fetchPackageMetaData     at CachingRegistryClient.<anonymous> (C:\Users\Ecriyliz\AppData\Roaming\npm\node_modules\npm\node_modules\npm-registry-client\lib\request.js:242:14)
21 silly fetchPackageMetaData     at Request._callback (C:\Users\Ecriyliz\AppData\Roaming\npm\node_modules\npm\node_modules\npm-registry-client\lib\request.js:172:14)
21 silly fetchPackageMetaData     at Request.self.callback (C:\Users\Ecriyliz\AppData\Roaming\npm\node_modules\npm\node_modules\request\request.js:199:22)
21 silly fetchPackageMetaData     at emitTwo (events.js:87:13)
21 silly fetchPackageMetaData     at Request.emit (events.js:172:7)
21 silly fetchPackageMetaData     at Request.<anonymous> (C:\Users\Ecriyliz\AppData\Roaming\npm\node_modules\npm\node_modules\request\request.js:1036:10)
21 silly fetchPackageMetaData     at emitOne (events.js:82:20)
21 silly fetchPackageMetaData     at Request.emit (events.js:169:7)
21 silly fetchPackageMetaData     at IncomingMessage.<anonymous> (C:\Users\Ecriyliz\AppData\Roaming\npm\node_modules\npm\node_modules\request\request.js:963:12)
21 silly fetchPackageMetaData  error for nodist { [Error: Registry returned 404 for GET on https://registry.npmjs.org/nodist] pkgid: 'nodist', statusCode: 404, code: 'E404' }
22 silly rollbackFailedOptional Starting
23 silly rollbackFailedOptional Finishing
24 silly runTopLevelLifecycles Starting
25 silly runTopLevelLifecycles Finishing
26 silly install printInstalled
27 verbose stack Error: Registry returned 404 for GET on https://registry.npmjs.org/nodist
27 verbose stack     at makeError (C:\Users\Ecriyliz\AppData\Roaming\npm\node_modules\npm\node_modules\npm-registry-client\lib\request.js:264:12)
27 verbose stack     at CachingRegistryClient.<anonymous> (C:\Users\Ecriyliz\AppData\Roaming\npm\node_modules\npm\node_modules\npm-registry-client\lib\request.js:242:14)
27 verbose stack     at Request._callback (C:\Users\Ecriyliz\AppData\Roaming\npm\node_modules\npm\node_modules\npm-registry-client\lib\request.js:172:14)
27 verbose stack     at Request.self.callback (C:\Users\Ecriyliz\AppData\Roaming\npm\node_modules\npm\node_modules\request\request.js:199:22)
27 verbose stack     at emitTwo (events.js:87:13)
27 verbose stack     at Request.emit (events.js:172:7)
27 verbose stack     at Request.<anonymous> (C:\Users\Ecriyliz\AppData\Roaming\npm\node_modules\npm\node_modules\request\request.js:1036:10)
27 verbose stack     at emitOne (events.js:82:20)
27 verbose stack     at Request.emit (events.js:169:7)
27 verbose stack     at IncomingMessage.<anonymous> (C:\Users\Ecriyliz\AppData\Roaming\npm\node_modules\npm\node_modules\request\request.js:963:12)
28 verbose statusCode 404
29 verbose pkgid nodist
30 verbose cwd C:\Users\Ecriyliz\Documents\GitHub\devMountain\dailyProjs\Week05\day03\lect
31 error Windows_NT 10.0.10586
32 error argv "C:\\Program Files\\nodejs\\node.exe" "C:\\Users\\Ecriyliz\\AppData\\Roaming\\npm\\node_modules\\npm\\bin\\npm-cli.js" "install" "-g" "nodist"
33 error node v4.2.6
34 error npm  v3.7.5
35 error code E404
36 error 404 Registry returned 404 for GET on https://registry.npmjs.org/nodist
37 error 404
38 error 404 'nodist' is not in the npm registry.
39 error 404 You should bug the author to publish it (or use the name yourself!)
40 error 404 Note that you can also install from a
41 error 404 tarball, folder, http url, or git url.
42 verbose exit [ 1, true ]
